2020-05-21 03:15:57 +0000  Initial pipeline context: <IDEDistributionProcessingPipelineContext: 0x7fb6e55d7330; archive(resolved)='<IDEArchive: 0x7fb6e4ed0280>', distributionTask(resolved)='2', distributionDestination(resolved)='1', distributionMethod(resolved)='<IDEDistributionMethodiOSAppStoreDistribution: 0x7fb6e544dc90>', team(resolved)='<IDEProvisioningDisambiguatableBasicTeam: 0x7fb6e0add830; teamID='P7R457K428', teamName='Monakhov Vyacheslav', teamType='Individual', username='slavapk31@icloud.com', isFreeProvisioningTeam='0'>'>
	Chain (12, self inclusive):
	<IDEDistributionProcessingPipelineContext: 0x7fb6e55d7330; archive = '<IDEArchive: 0x7fb6e4ed0280>', distributionMethod='<IDEDistributionMethodiOSAppStoreDistribution: 0x7fb6e544dc90>', team='<IDEProvisioningDisambiguatableBasicTeam: 0x7fb6e0add830; teamID='P7R457K428', teamName='Monakhov Vyacheslav', teamType='Individual', username='slavapk31@icloud.com', isFreeProvisioningTeam='0'>'>
	<IDEDistributionProcessingPipelineContext: 0x7fb6e29beba0; archive = '<IDEArchive: 0x7fb6e4ed0280>', distributionMethod='<IDEDistributionMethodiOSAppStoreDistribution: 0x7fb6e544dc90>', team='<IDEProvisioningDisambiguatableBasicTeam: 0x7fb6e0add830; teamID='P7R457K428', teamName='Monakhov Vyacheslav', teamType='Individual', username='slavapk31@icloud.com', isFreeProvisioningTeam='0'>'>
	<IDEDistributionContext: 0x7fb6e559e700; archive = '<IDEArchive: 0x7fb6e4ed0280>', distributionMethod='<IDEDistributionMethodiOSAppStoreDistribution: 0x7fb6e544dc90>', team='<IDEProvisioningDisambiguatableBasicTeam: 0x7fb6e0add830; teamID='P7R457K428', teamName='Monakhov Vyacheslav', teamType='Individual', username='slavapk31@icloud.com', isFreeProvisioningTeam='0'>'>
	<IDEDistributionContext: 0x7fb6e52f2270; archive = '<IDEArchive: 0x7fb6e4ed0280>', distributionMethod='<IDEDistributionMethodiOSAppStoreDistribution: 0x7fb6e544dc90>', team='<IDEProvisioningDisambiguatableBasicTeam: 0x7fb6e0add830; teamID='P7R457K428', teamName='Monakhov Vyacheslav', teamType='Individual', username='slavapk31@icloud.com', isFreeProvisioningTeam='0'>'>
	<IDEDistributionContext: 0x7fb6e559fc80; archive = '<IDEArchive: 0x7fb6e4ed0280>', distributionMethod='<IDEDistributionMethodiOSAppStoreDistribution: 0x7fb6e544dc90>', team='<IDEProvisioningDisambiguatableBasicTeam: 0x7fb6e0add830; teamID='P7R457K428', teamName='Monakhov Vyacheslav', teamType='Individual', username='slavapk31@icloud.com', isFreeProvisioningTeam='0'>'>
	<IDEDistributionContext: 0x7fb6dd2b44e0; archive = '<IDEArchive: 0x7fb6e4ed0280>', distributionMethod='<IDEDistributionMethodiOSAppStoreDistribution: 0x7fb6e544dc90>', team='<IDEProvisioningDisambiguatableBasicTeam: 0x7fb6e0add830; teamID='P7R457K428', teamName='Monakhov Vyacheslav', teamType='Individual', username='slavapk31@icloud.com', isFreeProvisioningTeam='0'>'>
	<IDEDistributionContext: 0x7fb6dfe4b280; archive = '<IDEArchive: 0x7fb6e4ed0280>', distributionMethod='<IDEDistributionMethodiOSAppStoreDistribution: 0x7fb6e544dc90>', team='<IDEProvisioningDisambiguatableBasicTeam: 0x7fb6e0add830; teamID='P7R457K428', teamName='Monakhov Vyacheslav', teamType='Individual', username='slavapk31@icloud.com', isFreeProvisioningTeam='0'>'>
	<IDEDistributionContext: 0x7fb6dd2622a0; archive = '<IDEArchive: 0x7fb6e4ed0280>', distributionMethod='<IDEDistributionMethodiOSAppStoreDistribution: 0x7fb6e544dc90>', team='<IDEProvisioningDisambiguatableBasicTeam: 0x7fb6e0add830; teamID='P7R457K428', teamName='Monakhov Vyacheslav', teamType='Individual', username='slavapk31@icloud.com', isFreeProvisioningTeam='0'>'>
	<IDEDistributionContext: 0x7fb6e564b670; archive = '<IDEArchive: 0x7fb6e4ed0280>', distributionMethod='<IDEDistributionMethodiOSAppStoreDistribution: 0x7fb6e544dc90>', team='<IDEProvisioningDisambiguatableBasicTeam: 0x7fb6e0add830; teamID='P7R457K428', teamName='Monakhov Vyacheslav', teamType='Individual', username='slavapk31@icloud.com', isFreeProvisioningTeam='0'>'>
	<IDEDistributionContext: 0x7fb6e55c17d0; archive = '<IDEArchive: 0x7fb6e4ed0280>', distributionMethod='<IDEDistributionMethodiOSAppStoreDistribution: 0x7fb6e544dc90>', team='(null)'>
	<IDEDistributionContext: 0x7fb6e52ea2f0; archive = '<IDEArchive: 0x7fb6e4ed0280>', distributionMethod='<IDEDistributionMethodiOSAppStoreDistribution: 0x7fb6e544dc90>', team='(null)'>
	<IDEDistributionContext: 0x7fb6e5593530; archive = '<IDEArchive: 0x7fb6e4ed0280>', distributionMethod='(null)', team='(null)'>
</IDEDistributionProcessingPipelineContext: 0x7fb6e55d7330>
2020-05-21 03:15:57 +0000  Processing step: IDEDistributionCreateDestRootStep
2020-05-21 03:15:57 +0000  Processing step: IDEDistributionCopyItemStep
2020-05-21 03:15:57 +0000  Running /usr/bin/ditto '-V' '/Users/erkebulan/Library/Developer/Xcode/Archives/2020-05-21/Full 5-21-20, 09.14.xcarchive/Products/Applications/Coca Cola QR.app' '/var/folders/q4/fwrkbn5d2t94rnrzg5rf5_340000gn/T/XcodeDistPipeline.~~~RaBNbJ/Root/Payload/Coca Cola QR.app'
2020-05-21 03:15:57 +0000  >>> Copying /Users/erkebulan/Library/Developer/Xcode/Archives/2020-05-21/Full 5-21-20, 09.14.xcarchive/Products/Applications/Coca Cola QR.app 
2020-05-21 03:15:57 +0000  copying file ./_CodeSignature/CodeResources ... 
2020-05-21 03:15:57 +0000  28593 bytes for ./_CodeSignature/CodeResources
2020-05-21 03:15:57 +0000  copying file ./Fontisto.ttf ... 
2020-05-21 03:15:57 +0000  313528 bytes for ./Fontisto.ttf
copying file ./Octicons.ttf ... 
2020-05-21 03:15:57 +0000  28364 bytes for ./Octicons.ttf
2020-05-21 03:15:57 +0000  copying file ./Feather.ttf ... 
2020-05-21 03:15:57 +0000  58272 bytes for ./Feather.ttf
2020-05-21 03:15:57 +0000  copying file ./Coca Cola QR ... 
2020-05-21 03:15:57 +0000  67124560 bytes for ./Coca Cola QR
copying file ./AppIcon20x20@2x.png ... 
2020-05-21 03:15:57 +0000  2680 bytes for ./AppIcon20x20@2x.png
2020-05-21 03:15:57 +0000  copying file ./AppIcon57x57.png ... 
2020-05-21 03:15:57 +0000  4457 bytes for ./AppIcon57x57.png
copying file ./Ubuntu-Medium.ttf ... 
2020-05-21 03:15:57 +0000  284424 bytes for ./Ubuntu-Medium.ttf
copying file ./Entypo.ttf ... 
2020-05-21 03:15:57 +0000  65584 bytes for ./Entypo.ttf
copying file ./AppIcon20x20@3x.png ... 
2020-05-21 03:15:57 +0000  4692 bytes for ./AppIcon20x20@3x.png
2020-05-21 03:15:57 +0000  copying file ./FontAwesome5_Brands.ttf ... 
2020-05-21 03:15:57 +0000  125016 bytes for ./FontAwesome5_Brands.ttf
copying file ./AppIcon29x29.png ... 
2020-05-21 03:15:57 +0000  1663 bytes for ./AppIcon29x29.png
2020-05-21 03:15:57 +0000  copying file ./MaterialCommunityIcons.ttf ... 
2020-05-21 03:15:57 +0000  546548 bytes for ./MaterialCommunityIcons.ttf
2020-05-21 03:15:57 +0000  copying file ./AppIcon60x60@2x.png ... 
2020-05-21 03:15:57 +0000  13066 bytes for ./AppIcon60x60@2x.png
2020-05-21 03:15:57 +0000  copying file ./AppIcon72x72@2x~ipad.png ... 
2020-05-21 03:15:57 +0000  16996 bytes for ./AppIcon72x72@2x~ipad.png
2020-05-21 03:15:57 +0000  copying file ./AppIcon29x29@2x.png ... 
2020-05-21 03:15:57 +0000  4522 bytes for ./AppIcon29x29@2x.png
2020-05-21 03:15:57 +0000  copying file ./AntDesign.ttf ... 
2020-05-21 03:15:57 +0000  70344 bytes for ./AntDesign.ttf
2020-05-21 03:15:57 +0000  copying file ./AppIcon40x40@3x.png ... 
2020-05-21 03:15:57 +0000  13066 bytes for ./AppIcon40x40@3x.png
2020-05-21 03:15:57 +0000  copying file ./AppIcon57x57@2x.png ... 
2020-05-21 03:15:57 +0000  12061 bytes for ./AppIcon57x57@2x.png
2020-05-21 03:15:57 +0000  copying file ./Foundation.ttf ... 
2020-05-21 03:15:57 +0000  56976 bytes for ./Foundation.ttf
2020-05-21 03:15:57 +0000  copying file ./AppIcon29x29~ipad.png ... 
2020-05-21 03:15:57 +0000  1663 bytes for ./AppIcon29x29~ipad.png
2020-05-21 03:15:57 +0000  copying file ./Ionicons.ttf ... 
2020-05-21 03:15:57 +0000  112472 bytes for ./Ionicons.ttf
2020-05-21 03:15:57 +0000  copying file ./FontAwesome5_Solid.ttf ... 
2020-05-21 03:15:57 +0000  186228 bytes for ./FontAwesome5_Solid.ttf
2020-05-21 03:15:57 +0000  copying file ./AppIcon40x40@2x.png ... 
2020-05-21 03:15:57 +0000  7282 bytes for ./AppIcon40x40@2x.png
2020-05-21 03:15:57 +0000  copying file ./FontAwesome5_Regular.ttf ... 
2020-05-21 03:15:57 +0000  34092 bytes for ./FontAwesome5_Regular.ttf
copying file ./Ubuntu-Regular.ttf ... 
2020-05-21 03:15:57 +0000  298928 bytes for ./Ubuntu-Regular.ttf
2020-05-21 03:15:57 +0000  copying file ./AppIcon29x29@3x.png ... 
2020-05-21 03:15:57 +0000  8221 bytes for ./AppIcon29x29@3x.png
copying file ./Ubuntu-Bold.ttf ... 
2020-05-21 03:15:57 +0000  269584 bytes for ./Ubuntu-Bold.ttf
copying file ./GoogleService-Info.plist ... 
2020-05-21 03:15:57 +0000  714 bytes for ./GoogleService-Info.plist
2020-05-21 03:15:57 +0000  copying file ./AppIcon60x60@3x.png ... 
2020-05-21 03:15:57 +0000  23784 bytes for ./AppIcon60x60@3x.png
2020-05-21 03:15:57 +0000  copying file ./Base.lproj/LaunchScreen.nib ... 
2020-05-21 03:15:57 +0000  2353 bytes for ./Base.lproj/LaunchScreen.nib
2020-05-21 03:15:57 +0000  copying file ./FontAwesome.ttf ... 
2020-05-21 03:15:57 +0000  165548 bytes for ./FontAwesome.ttf
2020-05-21 03:15:57 +0000  copying file ./Zocial.ttf ... 
2020-05-21 03:15:57 +0000  25552 bytes for ./Zocial.ttf
2020-05-21 03:15:57 +0000  copying file ./Assets.car ... 
2020-05-21 03:15:57 +0000  1490815 bytes for ./Assets.car
2020-05-21 03:15:57 +0000  copying file ./AppIcon40x40@2x~ipad.png ... 
2020-05-21 03:15:57 +0000  7282 bytes for ./AppIcon40x40@2x~ipad.png
copying file ./EvilIcons.ttf ... 
2020-05-21 03:15:57 +0000  13456 bytes for ./EvilIcons.ttf
2020-05-21 03:15:57 +0000  copying file ./AppIcon76x76@2x~ipad.png ... 
2020-05-21 03:15:57 +0000  18628 bytes for ./AppIcon76x76@2x~ipad.png
2020-05-21 03:15:57 +0000  copying file ./AppIcon72x72~ipad.png ... 
2020-05-21 03:15:57 +0000  6293 bytes for ./AppIcon72x72~ipad.png
2020-05-21 03:15:57 +0000  copying file ./main.jsbundle ... 
2020-05-21 03:15:57 +0000  2317737 bytes for ./main.jsbundle
copying file ./AppIcon83.5x83.5@2x~ipad.png ... 
2020-05-21 03:15:57 +0000  21434 bytes for ./AppIcon83.5x83.5@2x~ipad.png
2020-05-21 03:15:57 +0000  copying file ./AppIcon50x50~ipad.png ... 
2020-05-21 03:15:57 +0000  3670 bytes for ./AppIcon50x50~ipad.png
2020-05-21 03:15:57 +0000  copying file ./AppIcon29x29@2x~ipad.png ... 
2020-05-21 03:15:57 +0000  4522 bytes for ./AppIcon29x29@2x~ipad.png
2020-05-21 03:15:57 +0000  copying file ./AppIcon50x50@2x~ipad.png ... 
2020-05-21 03:15:57 +0000  10005 bytes for ./AppIcon50x50@2x~ipad.png
copying file ./AppIcon40x40~ipad.png ... 
2020-05-21 03:15:57 +0000  2680 bytes for ./AppIcon40x40~ipad.png
2020-05-21 03:15:57 +0000  copying file ./AppIcon20x20~ipad.png ... 
2020-05-21 03:15:57 +0000  979 bytes for ./AppIcon20x20~ipad.png
2020-05-21 03:15:57 +0000  copying file ./SimpleLineIcons.ttf ... 
2020-05-21 03:15:57 +0000  54056 bytes for ./SimpleLineIcons.ttf
2020-05-21 03:15:57 +0000  copying file ./embedded.mobileprovision ... 
13313 bytes for ./embedded.mobileprovision
copying file ./assets/app.json ... 
2020-05-21 03:15:57 +0000  45 bytes for ./assets/app.json
2020-05-21 03:15:57 +0000  copying file ./assets/node_modules/css-tree/dist/default-syntax.json ... 
2020-05-21 03:15:57 +0000  57784 bytes for ./assets/node_modules/css-tree/dist/default-syntax.json
2020-05-21 03:15:57 +0000  copying file ./assets/node_modules/react-native-dropdown-menu/img/menu_check@2x.png ... 
2020-05-21 03:15:57 +0000  852 bytes for ./assets/node_modules/react-native-dropdown-menu/img/menu_check@2x.png
2020-05-21 03:15:57 +0000  copying file ./assets/node_modules/react-native-dropdown-menu/img/menu_check.png ... 
2020-05-21 03:15:57 +0000  362 bytes for ./assets/node_modules/react-native-dropdown-menu/img/menu_check.png
copying file ./assets/node_modules/react-native-dropdown-menu/img/dropdown_arrow@2x.png ... 
2020-05-21 03:15:57 +0000  297 bytes for ./assets/node_modules/react-native-dropdown-menu/img/dropdown_arrow@2x.png
2020-05-21 03:15:57 +0000  copying file ./assets/node_modules/react-native-dropdown-menu/img/dropdown_arrow@3x.png ... 
2020-05-21 03:15:57 +0000  416 bytes for ./assets/node_modules/react-native-dropdown-menu/img/dropdown_arrow@3x.png
2020-05-21 03:15:57 +0000  copying file ./assets/node_modules/react-native-dropdown-menu/img/menu_check@3x.png ... 
2020-05-21 03:15:57 +0000  997 bytes for ./assets/node_modules/react-native-dropdown-menu/img/menu_check@3x.png
2020-05-21 03:15:57 +0000  copying file ./assets/node_modules/react-native-dropdown-menu/img/dropdown_arrow.png ... 
2020-05-21 03:15:57 +0000  181 bytes for ./assets/node_modules/react-native-dropdown-menu/img/dropdown_arrow.png
2020-05-21 03:15:57 +0000  copying file ./assets/node_modules/dom-serializer/foreignNames.json ... 
2020-05-21 03:15:57 +0000  3149 bytes for ./assets/node_modules/dom-serializer/foreignNames.json
2020-05-21 03:15:57 +0000  copying file ./assets/node_modules/@react-navigation/stack/src/views/assets/back-icon@3x.png ... 
2020-05-21 03:15:57 +0000  761 bytes for ./assets/node_modules/@react-navigation/stack/src/views/assets/back-icon@3x.png
2020-05-21 03:15:57 +0000  copying file ./assets/node_modules/@react-navigation/stack/src/views/assets/back-icon@2x.png ... 
2020-05-21 03:15:57 +0000  405 bytes for ./assets/node_modules/@react-navigation/stack/src/views/assets/back-icon@2x.png
2020-05-21 03:15:57 +0000  copying file ./assets/node_modules/@react-navigation/stack/src/views/assets/back-icon.png ... 
2020-05-21 03:15:57 +0000  290 bytes for ./assets/node_modules/@react-navigation/stack/src/views/assets/back-icon.png
2020-05-21 03:15:57 +0000  copying file ./assets/node_modules/@react-navigation/stack/src/views/assets/back-icon-mask.png ... 
2020-05-21 03:15:57 +0000  913 bytes for ./assets/node_modules/@react-navigation/stack/src/views/assets/back-icon-mask.png
2020-05-21 03:15:57 +0000  copying file ./assets/node_modules/css-select/lib/procedure.json ... 
2020-05-21 03:15:57 +0000  145 bytes for ./assets/node_modules/css-select/lib/procedure.json
2020-05-21 03:15:57 +0000  copying file ./assets/node_modules/react-native-vector-icons/glyphmaps/Ionicons.json ... 
2020-05-21 03:15:57 +0000  17166 bytes for ./assets/node_modules/react-native-vector-icons/glyphmaps/Ionicons.json
2020-05-21 03:15:57 +0000  copying file ./assets/node_modules/entities/lib/maps/xml.json ... 
2020-05-21 03:15:57 +0000  64 bytes for ./assets/node_modules/entities/lib/maps/xml.json
2020-05-21 03:15:57 +0000  copying file ./assets/node_modules/entities/lib/maps/decode.json ... 
2020-05-21 03:15:57 +0000  356 bytes for ./assets/node_modules/entities/lib/maps/decode.json
copying file ./assets/node_modules/entities/lib/maps/entities.json ... 
2020-05-21 03:15:57 +0000  44868 bytes for ./assets/node_modules/entities/lib/maps/entities.json
2020-05-21 03:15:57 +0000  copying file ./assets/node_modules/entities/lib/maps/legacy.json ... 
2020-05-21 03:15:57 +0000  1961 bytes for ./assets/node_modules/entities/lib/maps/legacy.json
2020-05-21 03:15:57 +0000  copying file ./assets/src/Images/progress.png ... 
2020-05-21 03:15:57 +0000  98631 bytes for ./assets/src/Images/progress.png
2020-05-21 03:15:57 +0000  copying file ./assets/src/Images/screen1.png ... 
2020-05-21 03:15:57 +0000  170813 bytes for ./assets/src/Images/screen1.png
2020-05-21 03:15:57 +0000  copying file ./assets/src/Images/screen2.png ... 
2020-05-21 03:15:57 +0000  124794 bytes for ./assets/src/Images/screen2.png
2020-05-21 03:15:57 +0000  copying file ./assets/src/Images/screen3.png ... 
2020-05-21 03:15:58 +0000  121576 bytes for ./assets/src/Images/screen3.png
2020-05-21 03:15:58 +0000  copying file ./assets/src/Images/empty.png ... 
2020-05-21 03:15:58 +0000  13065 bytes for ./assets/src/Images/empty.png
2020-05-21 03:15:58 +0000  copying file ./assets/src/Images/music.png ... 
2020-05-21 03:15:58 +0000  108495 bytes for ./assets/src/Images/music.png
2020-05-21 03:15:58 +0000  copying file ./assets/src/Images/cocacola.png ... 
2020-05-21 03:15:58 +0000  69442 bytes for ./assets/src/Images/cocacola.png
2020-05-21 03:15:58 +0000  copying file ./assets/src/Images/stats.png ... 
2020-05-21 03:15:58 +0000  102374 bytes for ./assets/src/Images/stats.png
copying file ./assets/src/Images/header.png ... 
2020-05-21 03:15:58 +0000  1762 bytes for ./assets/src/Images/header.png
2020-05-21 03:15:58 +0000  copying file ./assets/src/Images/error.png ... 
2020-05-21 03:15:58 +0000  117453 bytes for ./assets/src/Images/error.png
2020-05-21 03:15:58 +0000  copying file ./assets/src/Images/logo.png ... 
2020-05-21 03:15:58 +0000  259025 bytes for ./assets/src/Images/logo.png
2020-05-21 03:15:58 +0000  copying file ./assets/src/Images/cola.png ... 
2020-05-21 03:15:58 +0000  626082 bytes for ./assets/src/Images/cola.png
copying file ./assets/src/Images/headphone.png ... 
2020-05-21 03:15:58 +0000  188117 bytes for ./assets/src/Images/headphone.png
copying file ./assets/src/Images/success.png ... 
2020-05-21 03:15:58 +0000  78083 bytes for ./assets/src/Images/success.png
copying file ./assets/src/Images/exit.png ... 
2020-05-21 03:15:58 +0000  937 bytes for ./assets/src/Images/exit.png
2020-05-21 03:15:58 +0000  copying file ./assets/src/Images/spinner.png ... 
2020-05-21 03:15:58 +0000  315926 bytes for ./assets/src/Images/spinner.png
2020-05-21 03:15:58 +0000  copying file ./AppIcon20x20@2x~ipad.png ... 
2020-05-21 03:15:58 +0000  2680 bytes for ./AppIcon20x20@2x~ipad.png
2020-05-21 03:15:58 +0000  copying file ./Info.plist ... 
2020-05-21 03:15:58 +0000  2407 bytes for ./Info.plist
2020-05-21 03:15:58 +0000  copying file ./PkgInfo ... 
2020-05-21 03:15:58 +0000  8 bytes for ./PkgInfo
2020-05-21 03:15:58 +0000  copying file ./MaterialIcons.ttf ... 
2020-05-21 03:15:58 +0000  128180 bytes for ./MaterialIcons.ttf
2020-05-21 03:15:58 +0000  copying file ./Ubuntu-Light.ttf ... 
2020-05-21 03:15:58 +0000  361676 bytes for ./Ubuntu-Light.ttf
2020-05-21 03:15:58 +0000  copying file ./AppIcon76x76~ipad.png ... 
2020-05-21 03:15:58 +0000  6811 bytes for ./AppIcon76x76~ipad.png
2020-05-21 03:15:58 +0000  /usr/bin/ditto exited with 0
2020-05-21 03:15:58 +0000  Processing step: IDEDistributionEmbedProfileStep
2020-05-21 03:15:58 +0000  Processing step: IDEDistributionInfoPlistStep
2020-05-21 03:15:58 +0000  Skipping step: IDEDistributionInfoPlistStep because it said so
2020-05-21 03:15:58 +0000  Processing step: IDEDistributionItemRemovalStep
2020-05-21 03:15:58 +0000  Processing step: IDEDistributionAppThinningPlistStep
2020-05-21 03:15:58 +0000  Skipping step: IDEDistributionAppThinningPlistStep because it said so
2020-05-21 03:15:58 +0000  Processing step: IDEDistributionCompileBitcodeStep
2020-05-21 03:15:58 +0000  Skipping step: IDEDistributionCompileBitcodeStep because it said so
2020-05-21 03:15:58 +0000  Processing step: IDEDistributionCodeSlimmingStep
2020-05-21 03:15:58 +0000  Processing step: IDEDistributionCopyBCSymbolMapsStep
2020-05-21 03:15:58 +0000  Running /usr/bin/ditto '-V' '/Users/erkebulan/Library/Developer/Xcode/Archives/2020-05-21/Full 5-21-20, 09.14.xcarchive/BCSymbolMaps/AADF13A0-1A45-3875-B3BB-40403349E9CA.bcsymbolmap' '/var/folders/q4/fwrkbn5d2t94rnrzg5rf5_340000gn/T/XcodeDistPipeline.~~~RaBNbJ/Root/BCSymbolMaps/AADF13A0-1A45-3875-B3BB-40403349E9CA.bcsymbolmap'
2020-05-21 03:15:58 +0000  >>> Copying /Users/erkebulan/Library/Developer/Xcode/Archives/2020-05-21/Full 5-21-20, 09.14.xcarchive/BCSymbolMaps/AADF13A0-1A45-3875-B3BB-40403349E9CA.bcsymbolmap 
2020-05-21 03:15:58 +0000  copying file ./AADF13A0-1A45-3875-B3BB-40403349E9CA.bcsymbolmap ... 
2020-05-21 03:15:58 +0000  2049915 bytes for ./AADF13A0-1A45-3875-B3BB-40403349E9CA.bcsymbolmap
2020-05-21 03:15:58 +0000  /usr/bin/ditto exited with 0
2020-05-21 03:15:58 +0000  Running /usr/bin/ditto '-V' '/Users/erkebulan/Library/Developer/Xcode/Archives/2020-05-21/Full 5-21-20, 09.14.xcarchive/BCSymbolMaps/4B74BBB8-C0AA-3B68-BFC0-94D6EABB14F6.bcsymbolmap' '/var/folders/q4/fwrkbn5d2t94rnrzg5rf5_340000gn/T/XcodeDistPipeline.~~~RaBNbJ/Root/BCSymbolMaps/4B74BBB8-C0AA-3B68-BFC0-94D6EABB14F6.bcsymbolmap'
2020-05-21 03:15:58 +0000  >>> Copying /Users/erkebulan/Library/Developer/Xcode/Archives/2020-05-21/Full 5-21-20, 09.14.xcarchive/BCSymbolMaps/4B74BBB8-C0AA-3B68-BFC0-94D6EABB14F6.bcsymbolmap 
2020-05-21 03:15:58 +0000  copying file ./4B74BBB8-C0AA-3B68-BFC0-94D6EABB14F6.bcsymbolmap ... 
2020-05-21 03:15:59 +0000  2077081 bytes for ./4B74BBB8-C0AA-3B68-BFC0-94D6EABB14F6.bcsymbolmap
2020-05-21 03:15:59 +0000  /usr/bin/ditto exited with 0
2020-05-21 03:15:59 +0000  Processing step: IDEDistributionSymbolsStep
2020-05-21 03:15:59 +0000  Excluding symbols for Coca Cola QR.app
2020-05-21 03:15:59 +0000  Processing step: IDEDistributionCopyAppleProvidedContentStep
2020-05-21 03:15:59 +0000  Processing step: IDEDistributionAppThinningStep
2020-05-21 03:15:59 +0000  Skipping step: IDEDistributionAppThinningStep because it said so
2020-05-21 03:15:59 +0000  Processing step: IDEDistributionArchThinningStep
2020-05-21 03:15:59 +0000  Running /Users/erkebulan/Downloads/Xcode.app/Contents/Developer/Toolchains/XcodeDefault.xctoolchain/usr/bin/lipo '/var/folders/q4/fwrkbn5d2t94rnrzg5rf5_340000gn/T/XcodeDistPipeline.~~~RaBNbJ/Root/Payload/Coca Cola QR.app/Coca Cola QR' '-verify_arch' 'arm64e'
2020-05-21 03:15:59 +0000  /Users/erkebulan/Downloads/Xcode.app/Contents/Developer/Toolchains/XcodeDefault.xctoolchain/usr/bin/lipo exited with 1
2020-05-21 03:15:59 +0000  Skipping architecture thinning for item "Coca Cola QR" because arch "arm64e" wasn't found
2020-05-21 03:15:59 +0000  Processing step: IDEDistributionODRStep
2020-05-21 03:15:59 +0000  Processing step: IDEDistributionStripXattrsStep
2020-05-21 03:15:59 +0000  Running /usr/bin/xattr '-crs' '/var/folders/q4/fwrkbn5d2t94rnrzg5rf5_340000gn/T/XcodeDistPipeline.~~~RaBNbJ/Root/Payload/Coca Cola QR.app'
2020-05-21 03:15:59 +0000  /usr/bin/xattr exited with 0
2020-05-21 03:15:59 +0000  Processing step: IDEDistributionCodesignStep
2020-05-21 03:15:59 +0000  Entitlements for <IDEDistributionItem: 0x7fb6e55d7050; bundleID='com.scs.cocademo', path='<DVTFilePath:0x7fb6e5121ab0:'/Users/erkebulan/Library/Developer/Xcode/Archives/2020-05-21/Full 5-21-20, 09.14.xcarchive/Products/Applications/Coca Cola QR.app'>', codeSigningInfo='<_DVTCodeSigningInformation_Path: 0x7fb6e55d04b0; isSigned='1', isAdHocSigned='0', signingCertificate='<DVTSigningCertificate: 0x7fb6e55c4ac0; name='Apple Development: Monakhov Vyacheslav (65H5YFCMTW)', hash='EBB0AB5341D55C044343EBC7DACD0E644F90ED41', serialNumber='4D71105E1F47949E', certificateKinds='(
    "1.2.840.113635.100.6.1.12",
    "1.2.840.113635.100.6.1.2"
), issueDate='2020-02-05 11:08:04 +0000''>', entitlements='{
    "application-identifier" = "P7R457K428.com.scs.cocademo";
    "com.apple.developer.team-identifier" = P7R457K428;
    "get-task-allow" = 1;
}', teamID='P7R457K428', identifier='com.scs.cocademo', executablePath='<DVTFilePath:0x7fb6dfef3cd0:'/Users/erkebulan/Library/Developer/Xcode/Archives/2020-05-21/Full 5-21-20, 09.14.xcarchive/Products/Applications/Coca Cola QR.app/Coca Cola QR'>', hardenedRuntime='0'>'>: {
    "application-identifier" = "P7R457K428.com.scs.cocademo";
    "beta-reports-active" = 1;
    "com.apple.developer.team-identifier" = P7R457K428;
    "get-task-allow" = 0;
}
2020-05-21 03:15:59 +0000  Writing entitlements for <IDEDistributionItem: 0x7fb6e55d7050; bundleID='com.scs.cocademo', path='<DVTFilePath:0x7fb6e5121ab0:'/Users/erkebulan/Library/Developer/Xcode/Archives/2020-05-21/Full 5-21-20, 09.14.xcarchive/Products/Applications/Coca Cola QR.app'>', codeSigningInfo='<_DVTCodeSigningInformation_Path: 0x7fb6e55d04b0; isSigned='1', isAdHocSigned='0', signingCertificate='<DVTSigningCertificate: 0x7fb6e4ee60f0; name='Apple Development: Monakhov Vyacheslav (65H5YFCMTW)', hash='EBB0AB5341D55C044343EBC7DACD0E644F90ED41', serialNumber='4D71105E1F47949E', certificateKinds='(
    "1.2.840.113635.100.6.1.12",
    "1.2.840.113635.100.6.1.2"
), issueDate='2020-02-05 11:08:04 +0000''>', entitlements='{
    "application-identifier" = "P7R457K428.com.scs.cocademo";
    "com.apple.developer.team-identifier" = P7R457K428;
    "get-task-allow" = 1;
}', teamID='P7R457K428', identifier='com.scs.cocademo', executablePath='<DVTFilePath:0x7fb6dfef3cd0:'/Users/erkebulan/Library/Developer/Xcode/Archives/2020-05-21/Full 5-21-20, 09.14.xcarchive/Products/Applications/Coca Cola QR.app/Coca Cola QR'>', hardenedRuntime='0'>'> to: /var/folders/q4/fwrkbn5d2t94rnrzg5rf5_340000gn/T/XcodeDistPipeline.~~~RaBNbJ/entitlements~~~sLgJJ1
2020-05-21 03:15:59 +0000  Running /usr/bin/codesign '-vvv' '--force' '--sign' '172EFCD947B11210B764A3937094926FE12B3A9A' '--entitlements' '/var/folders/q4/fwrkbn5d2t94rnrzg5rf5_340000gn/T/XcodeDistPipeline.~~~RaBNbJ/entitlements~~~sLgJJ1' '--preserve-metadata=identifier,flags,runtime' '/var/folders/q4/fwrkbn5d2t94rnrzg5rf5_340000gn/T/XcodeDistPipeline.~~~RaBNbJ/Root/Payload/Coca Cola QR.app'
2020-05-21 03:16:01 +0000  /var/folders/q4/fwrkbn5d2t94rnrzg5rf5_340000gn/T/XcodeDistPipeline.~~~RaBNbJ/Root/Payload/Coca Cola QR.app: signed app bundle with Mach-O universal (armv7 arm64) [com.scs.cocademo]
2020-05-21 03:16:01 +0000  /usr/bin/codesign exited with 0
2020-05-21 03:16:01 +0000  Processing step: IDEDistributionZipODRItemStep
2020-05-21 03:16:01 +0000  Skipping step: IDEDistributionZipODRItemStep because it said so
2020-05-21 03:16:01 +0000  Processing step: IDEDistributionCreateIPAStep
2020-05-21 03:16:01 +0000  Running /usr/bin/ditto '-V' '-c' '-k' '--norsrc' '/var/folders/q4/fwrkbn5d2t94rnrzg5rf5_340000gn/T/XcodeDistPipeline.~~~RaBNbJ/Root' '/var/folders/q4/fwrkbn5d2t94rnrzg5rf5_340000gn/T/XcodeDistPipeline.~~~RaBNbJ/Packages/Full.ipa'
2020-05-21 03:16:01 +0000  >>> Copying /var/folders/q4/fwrkbn5d2t94rnrzg5rf5_340000gn/T/XcodeDistPipeline.~~~RaBNbJ/Root 
2020-05-21 03:16:01 +0000  copying file ./BCSymbolMaps/AADF13A0-1A45-3875-B3BB-40403349E9CA.bcsymbolmap ... 
2020-05-21 03:16:01 +0000  2049915 bytes for ./BCSymbolMaps/AADF13A0-1A45-3875-B3BB-40403349E9CA.bcsymbolmap
2020-05-21 03:16:01 +0000  copying file ./BCSymbolMaps/4B74BBB8-C0AA-3B68-BFC0-94D6EABB14F6.bcsymbolmap ... 
2020-05-21 03:16:01 +0000  2077081 bytes for ./BCSymbolMaps/4B74BBB8-C0AA-3B68-BFC0-94D6EABB14F6.bcsymbolmap
2020-05-21 03:16:01 +0000  copying file ./Payload/Coca Cola QR.app/_CodeSignature/CodeResources ... 
2020-05-21 03:16:01 +0000  28593 bytes for ./Payload/Coca Cola QR.app/_CodeSignature/CodeResources
2020-05-21 03:16:01 +0000  copying file ./Payload/Coca Cola QR.app/Fontisto.ttf ... 
2020-05-21 03:16:01 +0000  313528 bytes for ./Payload/Coca Cola QR.app/Fontisto.ttf
copying file ./Payload/Coca Cola QR.app/Octicons.ttf ... 
2020-05-21 03:16:01 +0000  28364 bytes for ./Payload/Coca Cola QR.app/Octicons.ttf
copying file ./Payload/Coca Cola QR.app/Feather.ttf ... 
2020-05-21 03:16:01 +0000  58272 bytes for ./Payload/Coca Cola QR.app/Feather.ttf
copying file ./Payload/Coca Cola QR.app/Coca Cola QR ... 
2020-05-21 03:16:04 +0000  58637664 bytes for ./Payload/Coca Cola QR.app/Coca Cola QR
2020-05-21 03:16:04 +0000  copying file ./Payload/Coca Cola QR.app/AppIcon20x20@2x.png ... 
2680 bytes for ./Payload/Coca Cola QR.app/AppIcon20x20@2x.png
copying file ./Payload/Coca Cola QR.app/AppIcon57x57.png ... 
4457 bytes for ./Payload/Coca Cola QR.app/AppIcon57x57.png
copying file ./Payload/Coca Cola QR.app/Ubuntu-Medium.ttf ... 
2020-05-21 03:16:04 +0000  284424 bytes for ./Payload/Coca Cola QR.app/Ubuntu-Medium.ttf
2020-05-21 03:16:04 +0000  copying file ./Payload/Coca Cola QR.app/Entypo.ttf ... 
2020-05-21 03:16:04 +0000  65584 bytes for ./Payload/Coca Cola QR.app/Entypo.ttf
copying file ./Payload/Coca Cola QR.app/AppIcon20x20@3x.png ... 
2020-05-21 03:16:04 +0000  4692 bytes for ./Payload/Coca Cola QR.app/AppIcon20x20@3x.png
2020-05-21 03:16:04 +0000  copying file ./Payload/Coca Cola QR.app/FontAwesome5_Brands.ttf ... 
2020-05-21 03:16:04 +0000  125016 bytes for ./Payload/Coca Cola QR.app/FontAwesome5_Brands.ttf
2020-05-21 03:16:04 +0000  copying file ./Payload/Coca Cola QR.app/AppIcon29x29.png ... 
1663 bytes for ./Payload/Coca Cola QR.app/AppIcon29x29.png
copying file ./Payload/Coca Cola QR.app/MaterialCommunityIcons.ttf ... 
2020-05-21 03:16:04 +0000  546548 bytes for ./Payload/Coca Cola QR.app/MaterialCommunityIcons.ttf
2020-05-21 03:16:04 +0000  copying file ./Payload/Coca Cola QR.app/AppIcon60x60@2x.png ... 
13066 bytes for ./Payload/Coca Cola QR.app/AppIcon60x60@2x.png
copying file ./Payload/Coca Cola QR.app/AppIcon72x72@2x~ipad.png ... 
2020-05-21 03:16:04 +0000  16996 bytes for ./Payload/Coca Cola QR.app/AppIcon72x72@2x~ipad.png
copying file ./Payload/Coca Cola QR.app/AppIcon29x29@2x.png ... 
2020-05-21 03:16:04 +0000  4522 bytes for ./Payload/Coca Cola QR.app/AppIcon29x29@2x.png
2020-05-21 03:16:04 +0000  copying file ./Payload/Coca Cola QR.app/AntDesign.ttf ... 
2020-05-21 03:16:04 +0000  70344 bytes for ./Payload/Coca Cola QR.app/AntDesign.ttf
2020-05-21 03:16:04 +0000  copying file ./Payload/Coca Cola QR.app/AppIcon40x40@3x.png ... 
13066 bytes for ./Payload/Coca Cola QR.app/AppIcon40x40@3x.png
copying file ./Payload/Coca Cola QR.app/AppIcon57x57@2x.png ... 
12061 bytes for ./Payload/Coca Cola QR.app/AppIcon57x57@2x.png
copying file ./Payload/Coca Cola QR.app/Foundation.ttf ... 
2020-05-21 03:16:04 +0000  56976 bytes for ./Payload/Coca Cola QR.app/Foundation.ttf
copying file ./Payload/Coca Cola QR.app/AppIcon29x29~ipad.png ... 
2020-05-21 03:16:04 +0000  1663 bytes for ./Payload/Coca Cola QR.app/AppIcon29x29~ipad.png
copying file ./Payload/Coca Cola QR.app/Ionicons.ttf ... 
2020-05-21 03:16:04 +0000  112472 bytes for ./Payload/Coca Cola QR.app/Ionicons.ttf
2020-05-21 03:16:04 +0000  copying file ./Payload/Coca Cola QR.app/FontAwesome5_Solid.ttf ... 
2020-05-21 03:16:04 +0000  186228 bytes for ./Payload/Coca Cola QR.app/FontAwesome5_Solid.ttf
2020-05-21 03:16:04 +0000  copying file ./Payload/Coca Cola QR.app/AppIcon40x40@2x.png ... 
7282 bytes for ./Payload/Coca Cola QR.app/AppIcon40x40@2x.png
copying file ./Payload/Coca Cola QR.app/FontAwesome5_Regular.ttf ... 
2020-05-21 03:16:04 +0000  34092 bytes for ./Payload/Coca Cola QR.app/FontAwesome5_Regular.ttf
2020-05-21 03:16:04 +0000  copying file ./Payload/Coca Cola QR.app/Ubuntu-Regular.ttf ... 
2020-05-21 03:16:04 +0000  298928 bytes for ./Payload/Coca Cola QR.app/Ubuntu-Regular.ttf
2020-05-21 03:16:04 +0000  copying file ./Payload/Coca Cola QR.app/AppIcon29x29@3x.png ... 
8221 bytes for ./Payload/Coca Cola QR.app/AppIcon29x29@3x.png
2020-05-21 03:16:04 +0000  copying file ./Payload/Coca Cola QR.app/Ubuntu-Bold.ttf ... 
2020-05-21 03:16:04 +0000  269584 bytes for ./Payload/Coca Cola QR.app/Ubuntu-Bold.ttf
copying file ./Payload/Coca Cola QR.app/GoogleService-Info.plist ... 
2020-05-21 03:16:04 +0000  714 bytes for ./Payload/Coca Cola QR.app/GoogleService-Info.plist
2020-05-21 03:16:04 +0000  copying file ./Payload/Coca Cola QR.app/AppIcon60x60@3x.png ... 
2020-05-21 03:16:04 +0000  23784 bytes for ./Payload/Coca Cola QR.app/AppIcon60x60@3x.png
2020-05-21 03:16:04 +0000  copying file ./Payload/Coca Cola QR.app/Base.lproj/LaunchScreen.nib ... 
2020-05-21 03:16:04 +0000  2353 bytes for ./Payload/Coca Cola QR.app/Base.lproj/LaunchScreen.nib
copying file ./Payload/Coca Cola QR.app/FontAwesome.ttf ... 
2020-05-21 03:16:04 +0000  165548 bytes for ./Payload/Coca Cola QR.app/FontAwesome.ttf
2020-05-21 03:16:04 +0000  copying file ./Payload/Coca Cola QR.app/Zocial.ttf ... 
2020-05-21 03:16:04 +0000  25552 bytes for ./Payload/Coca Cola QR.app/Zocial.ttf
2020-05-21 03:16:04 +0000  copying file ./Payload/Coca Cola QR.app/Assets.car ... 
2020-05-21 03:16:04 +0000  1490815 bytes for ./Payload/Coca Cola QR.app/Assets.car
2020-05-21 03:16:04 +0000  copying file ./Payload/Coca Cola QR.app/AppIcon40x40@2x~ipad.png ... 
7282 bytes for ./Payload/Coca Cola QR.app/AppIcon40x40@2x~ipad.png
copying file ./Payload/Coca Cola QR.app/EvilIcons.ttf ... 
2020-05-21 03:16:04 +0000  13456 bytes for ./Payload/Coca Cola QR.app/EvilIcons.ttf
2020-05-21 03:16:04 +0000  copying file ./Payload/Coca Cola QR.app/AppIcon76x76@2x~ipad.png ... 
2020-05-21 03:16:04 +0000  18628 bytes for ./Payload/Coca Cola QR.app/AppIcon76x76@2x~ipad.png
2020-05-21 03:16:04 +0000  copying file ./Payload/Coca Cola QR.app/AppIcon72x72~ipad.png ... 
6293 bytes for ./Payload/Coca Cola QR.app/AppIcon72x72~ipad.png
copying file ./Payload/Coca Cola QR.app/main.jsbundle ... 
2020-05-21 03:16:04 +0000  2317737 bytes for ./Payload/Coca Cola QR.app/main.jsbundle
2020-05-21 03:16:04 +0000  copying file ./Payload/Coca Cola QR.app/AppIcon83.5x83.5@2x~ipad.png ... 
21434 bytes for ./Payload/Coca Cola QR.app/AppIcon83.5x83.5@2x~ipad.png
copying file ./Payload/Coca Cola QR.app/AppIcon50x50~ipad.png ... 
3670 bytes for ./Payload/Coca Cola QR.app/AppIcon50x50~ipad.png
copying file ./Payload/Coca Cola QR.app/AppIcon29x29@2x~ipad.png ... 
2020-05-21 03:16:04 +0000  4522 bytes for ./Payload/Coca Cola QR.app/AppIcon29x29@2x~ipad.png
copying file ./Payload/Coca Cola QR.app/AppIcon50x50@2x~ipad.png ... 
2020-05-21 03:16:04 +0000  10005 bytes for ./Payload/Coca Cola QR.app/AppIcon50x50@2x~ipad.png
2020-05-21 03:16:04 +0000  copying file ./Payload/Coca Cola QR.app/AppIcon40x40~ipad.png ... 
2020-05-21 03:16:04 +0000  2680 bytes for ./Payload/Coca Cola QR.app/AppIcon40x40~ipad.png
2020-05-21 03:16:04 +0000  copying file ./Payload/Coca Cola QR.app/AppIcon20x20~ipad.png ... 
2020-05-21 03:16:04 +0000  979 bytes for ./Payload/Coca Cola QR.app/AppIcon20x20~ipad.png
copying file ./Payload/Coca Cola QR.app/SimpleLineIcons.ttf ... 
2020-05-21 03:16:04 +0000  54056 bytes for ./Payload/Coca Cola QR.app/SimpleLineIcons.ttf
2020-05-21 03:16:04 +0000  copying file ./Payload/Coca Cola QR.app/embedded.mobileprovision ... 
11260 bytes for ./Payload/Coca Cola QR.app/embedded.mobileprovision
copying file ./Payload/Coca Cola QR.app/assets/app.json ... 
2020-05-21 03:16:04 +0000  45 bytes for ./Payload/Coca Cola QR.app/assets/app.json
2020-05-21 03:16:04 +0000  copying file ./Payload/Coca Cola QR.app/assets/node_modules/css-tree/dist/default-syntax.json ... 
2020-05-21 03:16:04 +0000  57784 bytes for ./Payload/Coca Cola QR.app/assets/node_modules/css-tree/dist/default-syntax.json
2020-05-21 03:16:04 +0000  copying file ./Payload/Coca Cola QR.app/assets/node_modules/react-native-dropdown-menu/img/menu_check@2x.png ... 
852 bytes for ./Payload/Coca Cola QR.app/assets/node_modules/react-native-dropdown-menu/img/menu_check@2x.png
copying file ./Payload/Coca Cola QR.app/assets/node_modules/react-native-dropdown-menu/img/menu_check.png ... 
362 bytes for ./Payload/Coca Cola QR.app/assets/node_modules/react-native-dropdown-menu/img/menu_check.png
copying file ./Payload/Coca Cola QR.app/assets/node_modules/react-native-dropdown-menu/img/dropdown_arrow@2x.png ... 
2020-05-21 03:16:04 +0000  297 bytes for ./Payload/Coca Cola QR.app/assets/node_modules/react-native-dropdown-menu/img/dropdown_arrow@2x.png
copying file ./Payload/Coca Cola QR.app/assets/node_modules/react-native-dropdown-menu/img/dropdown_arrow@3x.png ... 
2020-05-21 03:16:04 +0000  416 bytes for ./Payload/Coca Cola QR.app/assets/node_modules/react-native-dropdown-menu/img/dropdown_arrow@3x.png
2020-05-21 03:16:04 +0000  copying file ./Payload/Coca Cola QR.app/assets/node_modules/react-native-dropdown-menu/img/menu_check@3x.png ... 
2020-05-21 03:16:04 +0000  997 bytes for ./Payload/Coca Cola QR.app/assets/node_modules/react-native-dropdown-menu/img/menu_check@3x.png
2020-05-21 03:16:04 +0000  copying file ./Payload/Coca Cola QR.app/assets/node_modules/react-native-dropdown-menu/img/dropdown_arrow.png ... 
2020-05-21 03:16:04 +0000  181 bytes for ./Payload/Coca Cola QR.app/assets/node_modules/react-native-dropdown-menu/img/dropdown_arrow.png
2020-05-21 03:16:04 +0000  copying file ./Payload/Coca Cola QR.app/assets/node_modules/dom-serializer/foreignNames.json ... 
2020-05-21 03:16:04 +0000  3149 bytes for ./Payload/Coca Cola QR.app/assets/node_modules/dom-serializer/foreignNames.json
2020-05-21 03:16:04 +0000  copying file ./Payload/Coca Cola QR.app/assets/node_modules/@react-navigation/stack/src/views/assets/back-icon@3x.png ... 
2020-05-21 03:16:04 +0000  761 bytes for ./Payload/Coca Cola QR.app/assets/node_modules/@react-navigation/stack/src/views/assets/back-icon@3x.png
copying file ./Payload/Coca Cola QR.app/assets/node_modules/@react-navigation/stack/src/views/assets/back-icon@2x.png ... 
405 bytes for ./Payload/Coca Cola QR.app/assets/node_modules/@react-navigation/stack/src/views/assets/back-icon@2x.png
copying file ./Payload/Coca Cola QR.app/assets/node_modules/@react-navigation/stack/src/views/assets/back-icon.png ... 
290 bytes for ./Payload/Coca Cola QR.app/assets/node_modules/@react-navigation/stack/src/views/assets/back-icon.png
copying file ./Payload/Coca Cola QR.app/assets/node_modules/@react-navigation/stack/src/views/assets/back-icon-mask.png ... 
913 bytes for ./Payload/Coca Cola QR.app/assets/node_modules/@react-navigation/stack/src/views/assets/back-icon-mask.png
copying file ./Payload/Coca Cola QR.app/assets/node_modules/css-select/lib/procedure.json ... 
2020-05-21 03:16:04 +0000  145 bytes for ./Payload/Coca Cola QR.app/assets/node_modules/css-select/lib/procedure.json
2020-05-21 03:16:04 +0000  copying file ./Payload/Coca Cola QR.app/assets/node_modules/react-native-vector-icons/glyphmaps/Ionicons.json ... 
2020-05-21 03:16:04 +0000  17166 bytes for ./Payload/Coca Cola QR.app/assets/node_modules/react-native-vector-icons/glyphmaps/Ionicons.json
2020-05-21 03:16:04 +0000  copying file ./Payload/Coca Cola QR.app/assets/node_modules/entities/lib/maps/xml.json ... 
64 bytes for ./Payload/Coca Cola QR.app/assets/node_modules/entities/lib/maps/xml.json
copying file ./Payload/Coca Cola QR.app/assets/node_modules/entities/lib/maps/decode.json ... 
2020-05-21 03:16:04 +0000  356 bytes for ./Payload/Coca Cola QR.app/assets/node_modules/entities/lib/maps/decode.json
copying file ./Payload/Coca Cola QR.app/assets/node_modules/entities/lib/maps/entities.json ... 
2020-05-21 03:16:04 +0000  44868 bytes for ./Payload/Coca Cola QR.app/assets/node_modules/entities/lib/maps/entities.json
2020-05-21 03:16:04 +0000  copying file ./Payload/Coca Cola QR.app/assets/node_modules/entities/lib/maps/legacy.json ... 
1961 bytes for ./Payload/Coca Cola QR.app/assets/node_modules/entities/lib/maps/legacy.json
copying file ./Payload/Coca Cola QR.app/assets/src/Images/progress.png ... 
2020-05-21 03:16:04 +0000  98631 bytes for ./Payload/Coca Cola QR.app/assets/src/Images/progress.png
2020-05-21 03:16:04 +0000  copying file ./Payload/Coca Cola QR.app/assets/src/Images/screen1.png ... 
2020-05-21 03:16:04 +0000  170813 bytes for ./Payload/Coca Cola QR.app/assets/src/Images/screen1.png
2020-05-21 03:16:04 +0000  copying file ./Payload/Coca Cola QR.app/assets/src/Images/screen2.png ... 
2020-05-21 03:16:04 +0000  124794 bytes for ./Payload/Coca Cola QR.app/assets/src/Images/screen2.png
2020-05-21 03:16:04 +0000  copying file ./Payload/Coca Cola QR.app/assets/src/Images/screen3.png ... 
2020-05-21 03:16:04 +0000  121576 bytes for ./Payload/Coca Cola QR.app/assets/src/Images/screen3.png
2020-05-21 03:16:04 +0000  copying file ./Payload/Coca Cola QR.app/assets/src/Images/empty.png ... 
2020-05-21 03:16:04 +0000  13065 bytes for ./Payload/Coca Cola QR.app/assets/src/Images/empty.png
2020-05-21 03:16:04 +0000  copying file ./Payload/Coca Cola QR.app/assets/src/Images/music.png ... 
2020-05-21 03:16:05 +0000  108495 bytes for ./Payload/Coca Cola QR.app/assets/src/Images/music.png
2020-05-21 03:16:05 +0000  copying file ./Payload/Coca Cola QR.app/assets/src/Images/cocacola.png ... 
2020-05-21 03:16:05 +0000  69442 bytes for ./Payload/Coca Cola QR.app/assets/src/Images/cocacola.png
copying file ./Payload/Coca Cola QR.app/assets/src/Images/stats.png ... 
2020-05-21 03:16:05 +0000  102374 bytes for ./Payload/Coca Cola QR.app/assets/src/Images/stats.png
2020-05-21 03:16:05 +0000  copying file ./Payload/Coca Cola QR.app/assets/src/Images/header.png ... 
2020-05-21 03:16:05 +0000  1762 bytes for ./Payload/Coca Cola QR.app/assets/src/Images/header.png
copying file ./Payload/Coca Cola QR.app/assets/src/Images/error.png ... 
2020-05-21 03:16:05 +0000  117453 bytes for ./Payload/Coca Cola QR.app/assets/src/Images/error.png
2020-05-21 03:16:05 +0000  copying file ./Payload/Coca Cola QR.app/assets/src/Images/logo.png ... 
2020-05-21 03:16:05 +0000  259025 bytes for ./Payload/Coca Cola QR.app/assets/src/Images/logo.png
2020-05-21 03:16:05 +0000  copying file ./Payload/Coca Cola QR.app/assets/src/Images/cola.png ... 
2020-05-21 03:16:05 +0000  626082 bytes for ./Payload/Coca Cola QR.app/assets/src/Images/cola.png
2020-05-21 03:16:05 +0000  copying file ./Payload/Coca Cola QR.app/assets/src/Images/headphone.png ... 
2020-05-21 03:16:05 +0000  188117 bytes for ./Payload/Coca Cola QR.app/assets/src/Images/headphone.png
2020-05-21 03:16:05 +0000  copying file ./Payload/Coca Cola QR.app/assets/src/Images/success.png ... 
2020-05-21 03:16:05 +0000  78083 bytes for ./Payload/Coca Cola QR.app/assets/src/Images/success.png
2020-05-21 03:16:05 +0000  copying file ./Payload/Coca Cola QR.app/assets/src/Images/exit.png ... 
2020-05-21 03:16:05 +0000  937 bytes for ./Payload/Coca Cola QR.app/assets/src/Images/exit.png
copying file ./Payload/Coca Cola QR.app/assets/src/Images/spinner.png ... 
2020-05-21 03:16:05 +0000  315926 bytes for ./Payload/Coca Cola QR.app/assets/src/Images/spinner.png
2020-05-21 03:16:05 +0000  copying file ./Payload/Coca Cola QR.app/AppIcon20x20@2x~ipad.png ... 
2020-05-21 03:16:05 +0000  2680 bytes for ./Payload/Coca Cola QR.app/AppIcon20x20@2x~ipad.png
2020-05-21 03:16:05 +0000  copying file ./Payload/Coca Cola QR.app/Info.plist ... 
2407 bytes for ./Payload/Coca Cola QR.app/Info.plist
copying file ./Payload/Coca Cola QR.app/PkgInfo ... 
2020-05-21 03:16:05 +0000  8 bytes for ./Payload/Coca Cola QR.app/PkgInfo
copying file ./Payload/Coca Cola QR.app/MaterialIcons.ttf ... 
2020-05-21 03:16:05 +0000  128180 bytes for ./Payload/Coca Cola QR.app/MaterialIcons.ttf
2020-05-21 03:16:05 +0000  copying file ./Payload/Coca Cola QR.app/Ubuntu-Light.ttf ... 
2020-05-21 03:16:05 +0000  361676 bytes for ./Payload/Coca Cola QR.app/Ubuntu-Light.ttf
2020-05-21 03:16:05 +0000  copying file ./Payload/Coca Cola QR.app/AppIcon76x76~ipad.png ... 
2020-05-21 03:16:05 +0000  6811 bytes for ./Payload/Coca Cola QR.app/AppIcon76x76~ipad.png
2020-05-21 03:16:05 +0000  /usr/bin/ditto exited with 0
2020-05-21 03:16:05 +0000  Processing step: IDEDistributionAppStoreInformationStep
2020-05-21 03:16:05 +0000  Skipping step: IDEDistributionAppStoreInformationStep because it said so
2020-05-21 03:16:05 +0000  Processing step: IDEDistributionGenerateProcessedDistributionItems
2020-05-21 03:16:05 +0000  Processing step: IDEDistributionCreateManifestStep
2020-05-21 03:16:05 +0000  Skipping step: IDEDistributionCreateManifestStep because it said so
